<?xml version="1.0" encoding="UTF-8"?>
<!-- Generated by org.testng.reporters.JUnitReportReporter -->
<testsuite hostname="Asis-Air.lan" failures="0" tests="1" name="Tests.TestThankYouPage" time="5.443" errors="0" timestamp="2024-01-30T16:57:43 IST" skipped="0">
  <testcase classname="Tests.TestThankYouPage" name="backHome" time="5.443"/>
  <system-out/>
</testsuite> <!-- Tests.TestThankYouPage -->
