<?xml version="1.0" encoding="UTF-8"?>
<!-- Generated by org.testng.reporters.JUnitReportReporter -->
<testsuite hostname="Asis-Air.lan" failures="0" tests="4" name="Tests.TestCartPage" time="5.639" errors="0" timestamp="2024-01-30T16:57:43 IST" skipped="0">
  <testcase classname="Tests.TestCartPage" name="tc_04_enterProductPage" time="0.785"/>
  <system-out/>
  <testcase classname="Tests.TestCartPage" name="tc_01_checkOutEmptyCart" time="2.983"/>
  <system-out/>
  <testcase classname="Tests.TestCartPage" name="tc_02_continueShopping" time="0.677"/>
  <system-out/>
  <testcase classname="Tests.TestCartPage" name="tc_03_removeProduct" time="1.194"/>
  <system-out/>
</testsuite> <!-- Tests.TestCartPage -->
