<?xml version="1.0" encoding="UTF-8"?>
<!-- Generated by org.testng.reporters.JUnitReportReporter -->
<testsuite hostname="Asis-Air.lan" failures="0" tests="4" name="Tests.TestMenu" time="14.457" errors="0" timestamp="2024-01-30T16:57:43 IST" skipped="0">
  <testcase classname="Tests.TestMenu" name="tc_03_enterToCartPage" time="0.048"/>
  <system-out/>
  <testcase classname="Tests.TestMenu" name="tc_01_enterAboutPage" time="12.852"/>
  <system-out/>
  <testcase classname="Tests.TestMenu" name="tc_04_logOut" time="0.590"/>
  <system-out/>
  <testcase classname="Tests.TestMenu" name="tc_02_backToAllItems" time="0.967"/>
  <system-out/>
</testsuite> <!-- Tests.TestMenu -->
