<?xml version="1.0" encoding="UTF-8"?>
<!-- Generated by org.testng.reporters.JUnitReportReporter -->
<testsuite hostname="Asis-Air.lan" failures="0" tests="4" name="Tests.TestProductPage" time="5.192" errors="0" timestamp="2024-01-30T16:57:43 IST" skipped="0">
  <testcase classname="Tests.TestProductPage" name="tc_01_backToProductsPage" time="3.350"/>
  <system-out/>
  <testcase classname="Tests.TestProductPage" name="tc_03_removeFromCart" time="0.471"/>
  <system-out/>
  <testcase classname="Tests.TestProductPage" name="tc_04_enterCartPage" time="0.263"/>
  <system-out/>
  <testcase classname="Tests.TestProductPage" name="tc_02_addToCart" time="1.108"/>
  <system-out/>
</testsuite> <!-- Tests.TestProductPage -->
