<?xml version="1.0" encoding="UTF-8"?>
<!-- Generated by org.testng.reporters.JUnitReportReporter -->
<testsuite hostname="Asis-Air.lan" failures="0" tests="4" name="Tests.TestCheckOutPage" time="8.743" errors="0" timestamp="2024-01-30T16:57:43 IST" skipped="0">
  <testcase classname="Tests.TestCheckOutPage" name="tc_02_blankFirstName" time="1.214"/>
  <system-out/>
  <testcase classname="Tests.TestCheckOutPage" name="tc_01_validInfo" time="5.158"/>
  <system-out/>
  <testcase classname="Tests.TestCheckOutPage" name="tc_03_blankLastName" time="1.395"/>
  <system-out/>
  <testcase classname="Tests.TestCheckOutPage" name="tc_04_blankPostalCode" time="0.976"/>
  <system-out/>
</testsuite> <!-- Tests.TestCheckOutPage -->
