<?xml version="1.0" encoding="UTF-8"?>
<!-- Generated by org.testng.reporters.JUnitReportReporter -->
<testsuite hostname="Asis-Air.lan" failures="0" tests="7" name="Tests.TestLogin" time="7.899" errors="0" timestamp="2024-01-30T16:57:43 IST" skipped="0">
  <testcase classname="Tests.TestLogin" name="tc_06_capitalLettersLogin" time="0.743"/>
  <system-out/>
  <testcase classname="Tests.TestLogin" name="tc_03_wrongPassLogin" time="1.069"/>
  <system-out/>
  <testcase classname="Tests.TestLogin" name="tc_04_wrongUserNameLogin" time="0.652"/>
  <system-out/>
  <testcase classname="Tests.TestLogin" name="tc_05_wrongPassAndUserName" time="0.694"/>
  <system-out/>
  <testcase classname="Tests.TestLogin" name="tc_02_blankPasswordField" time="1.205"/>
  <system-out/>
  <testcase classname="Tests.TestLogin" name="tc_07_validLogin" time="1.069"/>
  <system-out/>
  <testcase classname="Tests.TestLogin" name="tc_01_blankUserNameField" time="2.467"/>
  <system-out/>
</testsuite> <!-- Tests.TestLogin -->
