<?xml version="1.0" encoding="UTF-8"?>
<!-- Generated by org.testng.reporters.JUnitReportReporter -->
<testsuite hostname="Asis-Air.lan" failures="0" tests="3" name="Tests.TestFooterSocialMedia" time="17.158" errors="0" timestamp="2024-01-30T16:57:43 IST" skipped="0">
  <testcase classname="Tests.TestFooterSocialMedia" name="tc_02_facebook" time="2.944"/>
  <system-out/>
  <testcase classname="Tests.TestFooterSocialMedia" name="tc_01_linkedin" time="6.893"/>
  <system-out/>
  <testcase classname="Tests.TestFooterSocialMedia" name="tc_03_twitter" time="7.321"/>
  <system-out/>
</testsuite> <!-- Tests.TestFooterSocialMedia -->
