<?xml version="1.0" encoding="UTF-8"?>
<!-- Generated by org.testng.reporters.JUnitReportReporter -->
<testsuite hostname="Asis-Air.lan" failures="0" tests="3" name="Tests.TestOverViewPage" time="9.168" errors="0" timestamp="2024-01-30T16:57:43 IST" skipped="0">
  <testcase classname="Tests.TestOverViewPage" name="clickCancel" time="5.295"/>
  <system-out/>
  <testcase classname="Tests.TestOverViewPage" name="clickOnProduct" time="2.192"/>
  <system-out/>
  <testcase classname="Tests.TestOverViewPage" name="clickFinish" time="1.681"/>
  <system-out/>
</testsuite> <!-- Tests.TestOverViewPage -->
