<?xml version="1.0" encoding="UTF-8"?>
<!-- Generated by org.testng.reporters.JUnitReportReporter -->
<testsuite hostname="Asis-Air.lan" failures="0" tests="3" name="Tests.TestOverView" time="2.146" errors="0" timestamp="2024-01-29T09:35:53 IST" skipped="0">
  <testcase classname="Tests.TestOverView" name="clickFinish" time="0.400"/>
  <system-out/>
  <testcase classname="Tests.TestOverView" name="clickCancel" time="0.707"/>
  <system-out/>
  <testcase classname="Tests.TestOverView" name="clickOnProduct" time="1.039"/>
  <system-out/>
</testsuite> <!-- Tests.TestOverView -->
