<?xml version="1.0" encoding="UTF-8"?>
<!-- Generated by org.testng.reporters.JUnitReportReporter -->
<testsuite hostname="Asis-Air.lan" failures="0" tests="7" name="Tests.TestProductsPage" time="7.902" errors="0" timestamp="2024-01-30T16:57:43 IST" skipped="0">
  <testcase classname="Tests.TestProductsPage" name="tc_05_sortZtoA" time="0.815"/>
  <system-out/>
  <testcase classname="Tests.TestProductsPage" name="tc_03_productPage" time="0.505"/>
  <system-out/>
  <testcase classname="Tests.TestProductsPage" name="tc_02_removeFromCart" time="0.792"/>
  <system-out/>
  <testcase classname="Tests.TestProductsPage" name="tc_04_sortAtoZ" time="0.734"/>
  <system-out/>
  <testcase classname="Tests.TestProductsPage" name="tc_07_sortHightoLow" time="0.712"/>
  <system-out/>
  <testcase classname="Tests.TestProductsPage" name="tc_06_sortLowtoHigh" time="0.687"/>
  <system-out/>
  <testcase classname="Tests.TestProductsPage" name="tc_01_addToCart" time="3.657"/>
  <system-out/>
</testsuite> <!-- Tests.TestProductsPage -->
