<?xml version="1.0" encoding="UTF-8"?>
<!-- Generated by org.testng.reporters.JUnitReportReporter -->
<testsuite hostname="Asis-Air.lan" failures="0" tests="2" name="Tests.TestAboutPage" time="20.333" errors="0" timestamp="2024-01-30T16:57:43 IST" skipped="0">
  <testcase classname="Tests.TestAboutPage" name="tc_02_requestAdemo" time="1.431"/>
  <system-out/>
  <testcase classname="Tests.TestAboutPage" name="tc_01_tryItFree" time="18.902"/>
  <system-out/>
</testsuite> <!-- Tests.TestAboutPage -->
